#
# A fatal error has been detected by the Java Runtime Environment:
#
#  EXCEPTION_ACCESS_VIOLATION (0xc0000005) at pc=0x000000001cc11cb8, pid=5840, tid=0x0000000000003168
#
# JRE version: Java(TM) SE Runtime Environment (8.0_171-b11) (build 1.8.0_171-b11)
# Java VM: Java HotSpot(TM) 64-Bit Server VM (25.171-b11 mixed mode windows-amd64 compressed oops)
# Problematic frame:
# C  0x000000001cc11cb8
#
# Failed to write core dump. Minidumps are not enabled by default on client versions of Windows
#
# If you would like to submit a bug report, please visit:
#   http://bugreport.java.com/bugreport/crash.jsp
#

---------------  T H R E A D  ---------------

Current thread (0x0000000017d03800):  JavaThread "C2 CompilerThread1" daemon [_thread_in_native, id=12648, stack(0x0000000019460000,0x0000000019560000)]

siginfo: ExceptionCode=0xc0000005, ExceptionInformation=0x0000000000000008 0x000000001cc11cb8

Registers:
RAX=0x000000001e894e80, RBX=0x000000001e0a9b80, RCX=0x000000001e894e80, RDX=0x000000001e894e80
RSP=0x000000001955b810, RBP=0x000000001e894e80, RSI=0x000000005e3b817d, RDI=0x000000001bda0ac0
R8 =0x000000001a8aebd0, R9 =0x0000000000000058, R10=0x0000000000080000, R11=0x0000000000000006
R12=0x000000001e894e80, R13=0x000000001955bd90, R14=0x00000000000001ff, R15=0x0000000000000160
RIP=0x000000001cc11cb8, EFLAGS=0x0000000000010206

Top of Stack: (sp=0x000000001955b810)
0x000000001955b810:   000000001955bd90 000000001f84ab50
0x000000001955b820:   000000001955bd90 000000005e3bcf8b
0x000000001955b830:   000000001e0adbf0 000000005e3bd6a9
0x000000001955b840:   000000001955b958 000000001955bd90
0x000000001955b850:   00000000000000c9 00000000000000d3
0x000000001955b860:   00000000000001ff 000000001955bd90
0x000000001955b870:   000000001955b958 000000005e3bd1fa
0x000000001955b880:   000000001f86b758 000000001e894e80
0x000000001955b890:   000000001955bd90 000000001955b958
0x000000001955b8a0:   000000001f86b758 0000000000000002
0x000000001955b8b0:   000000001955b9a8 000000005e3bdcfd
0x000000001955b8c0:   000000001955b9a8 00000000000000c9
0x000000001955b8d0:   000000001955bd90 000000001d4e2580
0x000000001955b8e0:   000000001ed6b410 0000000017cc68d0
0x000000001955b8f0:   000000001955bd90 000000005e3b713b
0x000000001955b900:   000000001955ba00 0000000000000001 

Instructions: (pc=0x000000001cc11cb8)
0x000000001cc11c98:   78 1f c1 1c 00 00 00 00 e8 1d c1 1c 00 00 00 00
0x000000001cc11ca8:   78 1f c1 1c 00 00 00 00 04 00 00 00 00 00 00 00
0x000000001cc11cb8:   c8 7e 55 5e 00 00 00 00 e8 1c c1 1c 00 00 00 00
0x000000001cc11cc8:   f8 b2 42 1b 00 00 00 00 04 00 00 00 04 00 00 00 


Register to memory mapping:

RAX=0x000000001e894e80 is an unknown value
RBX=0x000000001e0a9b80 is an unknown value
RCX=0x000000001e894e80 is an unknown value
RDX=0x000000001e894e80 is an unknown value
RSP=0x000000001955b810 is pointing into the stack for thread: 0x0000000017d03800
RBP=0x000000001e894e80 is an unknown value
RSI=0x000000005e3b817d is an unknown value
RDI=0x000000001bda0ac0 is an unknown value
R8 =0x000000001a8aebd0 is an unknown value
R9 =0x0000000000000058 is an unknown value
R10=0x0000000000080000 is an unknown value
R11=0x0000000000000006 is an unknown value
R12=0x000000001e894e80 is an unknown value
R13=0x000000001955bd90 is pointing into the stack for thread: 0x0000000017d03800
R14=0x00000000000001ff is an unknown value
R15=0x0000000000000160 is an unknown value


Stack: [0x0000000019460000,0x0000000019560000],  sp=0x000000001955b810,  free space=1006k
Native frames: (J=compiled Java code, j=interpreted, Vv=VM code, C=native code)
C  0x000000001cc11cb8


Current CompileTask:
C2:  16282 4999   !   4       org.springframework.core.type.classreading.AnnotationAttributesReadingVisitor::recursivelyCollectMetaAnnotations (155 bytes)


---------------  P R O C E S S  ---------------

Java Threads: ( => current thread )
  0x000000001aea0800 JavaThread "main" [_thread_in_Java, id=4232, stack(0x000000001bc30000,0x000000001bd30000)]
  0x0000000019688800 JavaThread "Service Thread" daemon [_thread_blocked, id=2736, stack(0x0000000019a60000,0x0000000019b60000)]
  0x0000000017d31000 JavaThread "C1 CompilerThread2" daemon [_thread_blocked, id=4584, stack(0x0000000019560000,0x0000000019660000)]
=>0x0000000017d03800 JavaThread "C2 CompilerThread1" daemon [_thread_in_native, id=12648, stack(0x0000000019460000,0x0000000019560000)]
  0x0000000017cfb800 JavaThread "C2 CompilerThread0" daemon [_thread_in_native, id=10084, stack(0x0000000019360000,0x0000000019460000)]
  0x0000000017d0a000 JavaThread "Attach Listener" daemon [_thread_blocked, id=12212, stack(0x0000000019260000,0x0000000019360000)]
  0x0000000017d09000 JavaThread "Signal Dispatcher" daemon [_thread_blocked, id=13768, stack(0x0000000019160000,0x0000000019260000)]
  0x000000000315e800 JavaThread "Finalizer" daemon [_thread_blocked, id=14496, stack(0x0000000018f60000,0x0000000019060000)]
  0x0000000003152000 JavaThread "Reference Handler" daemon [_thread_blocked, id=10624, stack(0x0000000018e60000,0x0000000018f60000)]
  0x0000000003062800 JavaThread "main" [_thread_blocked, id=14096, stack(0x0000000001780000,0x0000000001880000)]

Other Threads:
  0x0000000017cc7000 VMThread [stack: 0x0000000018d60000,0x0000000018e60000] [id=14536]
  0x000000001968a000 WatcherThread [stack: 0x0000000019b60000,0x0000000019c60000] [id=15080]

VM state:not at safepoint (normal execution)

VM Mutex/Monitor currently owned by a thread: None

Heap:
 PSYoungGen      total 201216K, used 66596K [0x00000000d6000000, 0x00000000e7d80000, 0x0000000100000000)
  eden space 187904K, 28% used [0x00000000d6000000,0x00000000d9421250,0x00000000e1780000)
  from space 13312K, 99% used [0x00000000e7080000,0x00000000e7d680f8,0x00000000e7d80000)
  to   space 18432K, 0% used [0x00000000e5980000,0x00000000e5980000,0x00000000e6b80000)
 ParOldGen       total 86016K, used 27610K [0x0000000082000000, 0x0000000087400000, 0x00000000d6000000)
  object space 86016K, 32% used [0x0000000082000000,0x0000000083af6a40,0x0000000087400000)
 Metaspace       used 33396K, capacity 34212K, committed 34560K, reserved 1079296K
  class space    used 4070K, capacity 4299K, committed 4352K, reserved 1048576K

Card table byte_map: [0x00000000125d0000,0x00000000129d0000] byte_map_base: 0x00000000121c0000

Marking Bits: (ParMarkBitMap*) 0x000000005e7108c0
 Begin Bits: [0x0000000013070000, 0x0000000014ff0000)
 End Bits:   [0x0000000014ff0000, 0x0000000016f70000)

Polling page: 0x00000000012d0000

CodeCache: size=245760Kb used=16334Kb max_used=16334Kb free=229425Kb
 bounds [0x0000000003210000, 0x0000000004210000, 0x0000000012210000]
 total_blobs=4843 nmethods=4448 adapters=307
 compilation: enabled

Compilation events (10 events):
Event: 15.478 Thread 0x0000000017d31000 5094       1       org.springframework.beans.factory.support.AbstractBeanDefinition::getConstructorArgumentValues (5 bytes)
Event: 15.479 Thread 0x0000000017d31000 nmethod 5094 0x00000000041a6fd0 code [0x00000000041a7120, 0x00000000041a7230]
Event: 15.485 Thread 0x0000000017d31000 5095       3       org.springframework.beans.BeanMetadataAttributeAccessor::<init> (5 bytes)
Event: 15.485 Thread 0x0000000017d31000 nmethod 5095 0x00000000041a7290 code [0x00000000041a7440, 0x00000000041a77e8]
Event: 15.485 Thread 0x0000000017d31000 5096       3       org.springframework.core.AttributeAccessorSupport::<init> (17 bytes)
Event: 15.485 Thread 0x0000000017d31000 nmethod 5096 0x00000000041a79d0 code [0x00000000041a7b80, 0x00000000041a7ec8]
Event: 15.491 Thread 0x0000000017d31000 5097       1       java.util.HashMap$Node::setValue (12 bytes)
Event: 15.491 Thread 0x0000000017d31000 nmethod 5097 0x00000000041a8050 code [0x00000000041a81a0, 0x00000000041a82d0]
Event: 15.494 Thread 0x0000000017d31000 5098       3       org.springframework.core.annotation.AnnotationAttributes::fromMap (27 bytes)
Event: 15.494 Thread 0x0000000017d31000 nmethod 5098 0x00000000041a8310 code [0x00000000041a84c0, 0x00000000041a8bc8]

GC Heap History (10 events):
Event: 4.246 GC heap before
{Heap before GC invocations=5 (full 0):
 PSYoungGen      total 70656K, used 70624K [0x00000000d6000000, 0x00000000daa00000, 0x0000000100000000)
  eden space 65536K, 100% used [0x00000000d6000000,0x00000000da000000,0x00000000da000000)
  from space 5120K, 99% used [0x00000000da500000,0x00000000da9f8020,0x00000000daa00000)
  to   space 5120K, 0% used [0x00000000da000000,0x00000000da000000,0x00000000da500000)
 ParOldGen       total 86016K, used 11135K [0x0000000082000000, 0x0000000087400000, 0x00000000d6000000)
  object space 86016K, 12% used [0x0000000082000000,0x0000000082adfd98,0x0000000087400000)
 Metaspace       used 15497K, capacity 15724K, committed 16000K, reserved 1062912K
  class space    used 1827K, capacity 1914K, committed 1920K, reserved 1048576K
Event: 4.265 GC heap after
Heap after GC invocations=5 (full 0):
 PSYoungGen      total 70656K, used 5104K [0x00000000d6000000, 0x00000000dfa00000, 0x0000000100000000)
  eden space 65536K, 0% used [0x00000000d6000000,0x00000000d6000000,0x00000000da000000)
  from space 5120K, 99% used [0x00000000da000000,0x00000000da4fc030,0x00000000da500000)
  to   space 13312K, 0% used [0x00000000ded00000,0x00000000ded00000,0x00000000dfa00000)
 ParOldGen       total 86016K, used 16303K [0x0000000082000000, 0x0000000087400000, 0x00000000d6000000)
  object space 86016K, 18% used [0x0000000082000000,0x0000000082febdb8,0x0000000087400000)
 Metaspace       used 15497K, capacity 15724K, committed 16000K, reserved 1062912K
  class space    used 1827K, capacity 1914K, committed 1920K, reserved 1048576K
}
Event: 5.555 GC heap before
{Heap before GC invocations=6 (full 0):
 PSYoungGen      total 70656K, used 70640K [0x00000000d6000000, 0x00000000dfa00000, 0x0000000100000000)
  eden space 65536K, 100% used [0x00000000d6000000,0x00000000da000000,0x00000000da000000)
  from space 5120K, 99% used [0x00000000da000000,0x00000000da4fc030,0x00000000da500000)
  to   space 13312K, 0% used [0x00000000ded00000,0x00000000ded00000,0x00000000dfa00000)
 ParOldGen       total 86016K, used 16303K [0x0000000082000000, 0x0000000087400000, 0x00000000d6000000)
  object space 86016K, 18% used [0x0000000082000000,0x0000000082febdb8,0x0000000087400000)
 Metaspace       used 16526K, capacity 16918K, committed 17280K, reserved 1064960K
  class space    used 1931K, capacity 2053K, committed 2176K, reserved 1048576K
Event: 5.576 GC heap after
Heap after GC invocations=6 (full 0):
 PSYoungGen      total 143872K, used 10520K [0x00000000d6000000, 0x00000000dfb00000, 0x0000000100000000)
  eden space 130560K, 0% used [0x00000000d6000000,0x00000000d6000000,0x00000000ddf80000)
  from space 13312K, 79% used [0x00000000ded00000,0x00000000df746090,0x00000000dfa00000)
  to   space 13824K, 0% used [0x00000000ddf80000,0x00000000ddf80000,0x00000000ded00000)
 ParOldGen       total 86016K, used 16311K [0x0000000082000000, 0x0000000087400000, 0x00000000d6000000)
  object space 86016K, 18% used [0x0000000082000000,0x0000000082feddb8,0x0000000087400000)
 Metaspace       used 16526K, capacity 16918K, committed 17280K, reserved 1064960K
  class space    used 1931K, capacity 2053K, committed 2176K, reserved 1048576K
}
Event: 11.962 GC heap before
{Heap before GC invocations=7 (full 0):
 PSYoungGen      total 143872K, used 113689K [0x00000000d6000000, 0x00000000dfb00000, 0x0000000100000000)
  eden space 130560K, 79% used [0x00000000d6000000,0x00000000dc4c05f8,0x00000000ddf80000)
  from space 13312K, 79% used [0x00000000ded00000,0x00000000df746090,0x00000000dfa00000)
  to   space 13824K, 0% used [0x00000000ddf80000,0x00000000ddf80000,0x00000000ded00000)
 ParOldGen       total 86016K, used 16311K [0x0000000082000000, 0x0000000087400000, 0x00000000d6000000)
  object space 86016K, 18% used [0x0000000082000000,0x0000000082feddb8,0x0000000087400000)
 Metaspace       used 20557K, capacity 21176K, committed 21296K, reserved 1069056K
  class space    used 2475K, capacity 2664K, committed 2688K, reserved 1048576K
Event: 11.993 GC heap after
Heap after GC invocations=7 (full 0):
 PSYoungGen      total 144384K, used 13811K [0x00000000d6000000, 0x00000000e8200000, 0x0000000100000000)
  eden space 130560K, 0% used [0x00000000d6000000,0x00000000d6000000,0x00000000ddf80000)
  from space 13824K, 99% used [0x00000000ddf80000,0x00000000decfcea0,0x00000000ded00000)
  to   space 17920K, 0% used [0x00000000e7080000,0x00000000e7080000,0x00000000e8200000)
 ParOldGen       total 86016K, used 20720K [0x0000000082000000, 0x0000000087400000, 0x00000000d6000000)
  object space 86016K, 24% used [0x0000000082000000,0x000000008343c080,0x0000000087400000)
 Metaspace       used 20557K, capacity 21176K, committed 21296K, reserved 1069056K
  class space    used 2475K, capacity 2664K, committed 2688K, reserved 1048576K
}
Event: 11.993 GC heap before
{Heap before GC invocations=8 (full 1):
 PSYoungGen      total 144384K, used 13811K [0x00000000d6000000, 0x00000000e8200000, 0x0000000100000000)
  eden space 130560K, 0% used [0x00000000d6000000,0x00000000d6000000,0x00000000ddf80000)
  from space 13824K, 99% used [0x00000000ddf80000,0x00000000decfcea0,0x00000000ded00000)
  to   space 17920K, 0% used [0x00000000e7080000,0x00000000e7080000,0x00000000e8200000)
 ParOldGen       total 86016K, used 20720K [0x0000000082000000, 0x0000000087400000, 0x00000000d6000000)
  object space 86016K, 24% used [0x0000000082000000,0x000000008343c080,0x0000000087400000)
 Metaspace       used 20557K, capacity 21176K, committed 21296K, reserved 1069056K
  class space    used 2475K, capacity 2664K, committed 2688K, reserved 1048576K
Event: 12.171 GC heap after
Heap after GC invocations=8 (full 1):
 PSYoungGen      total 144384K, used 0K [0x00000000d6000000, 0x00000000e8200000, 0x0000000100000000)
  eden space 130560K, 0% used [0x00000000d6000000,0x00000000d6000000,0x00000000ddf80000)
  from space 13824K, 0% used [0x00000000ddf80000,0x00000000ddf80000,0x00000000ded00000)
  to   space 17920K, 0% used [0x00000000e7080000,0x00000000e7080000,0x00000000e8200000)
 ParOldGen       total 86016K, used 27538K [0x0000000082000000, 0x0000000087400000, 0x00000000d6000000)
  object space 86016K, 32% used [0x0000000082000000,0x0000000083ae4a30,0x0000000087400000)
 Metaspace       used 20557K, capacity 21176K, committed 21296K, reserved 1069056K
  class space    used 2475K, capacity 2664K, committed 2688K, reserved 1048576K
}
Event: 14.675 GC heap before
{Heap before GC invocations=9 (full 1):
 PSYoungGen      total 144384K, used 130560K [0x00000000d6000000, 0x00000000e8200000, 0x0000000100000000)
  eden space 130560K, 100% used [0x00000000d6000000,0x00000000ddf80000,0x00000000ddf80000)
  from space 13824K, 0% used [0x00000000ddf80000,0x00000000ddf80000,0x00000000ded00000)
  to   space 17920K, 0% used [0x00000000e7080000,0x00000000e7080000,0x00000000e8200000)
 ParOldGen       total 86016K, used 27538K [0x0000000082000000, 0x0000000087400000, 0x00000000d6000000)
  object space 86016K, 32% used [0x0000000082000000,0x0000000083ae4a30,0x0000000087400000)
 Metaspace       used 31966K, capacity 32826K, committed 33152K, reserved 1079296K
  class space    used 3855K, capacity 4100K, committed 4224K, reserved 1048576K
Event: 14.696 GC heap after
Heap after GC invocations=9 (full 1):
 PSYoungGen      total 201216K, used 13216K [0x00000000d6000000, 0x00000000e7d80000, 0x0000000100000000)
  eden space 187904K, 0% used [0x00000000d6000000,0x00000000d6000000,0x00000000e1780000)
  from space 13312K, 99% used [0x00000000e7080000,0x00000000e7d680f8,0x00000000e7d80000)
  to   space 18432K, 0% used [0x00000000e5980000,0x00000000e5980000,0x00000000e6b80000)
 ParOldGen       total 86016K, used 27610K [0x0000000082000000, 0x0000000087400000, 0x00000000d6000000)
  object space 86016K, 32% used [0x0000000082000000,0x0000000083af6a40,0x0000000087400000)
 Metaspace       used 31966K, capacity 32826K, committed 33152K, reserved 1079296K
  class space    used 3855K, capacity 4100K, committed 4224K, reserved 1048576K
}

Deoptimization events (10 events):
Event: 14.572 Thread 0x000000001aea0800 Uncommon trap: reason=unstable_if action=reinterpret pc=0x000000000410d9a8 method=org.springframework.asm.ClassReader.readCode(Lorg/springframework/asm/MethodVisitor;Lorg/springframework/asm/Context;I)V @ 1372
Event: 14.670 Thread 0x000000001aea0800 Uncommon trap: reason=class_check action=maybe_recompile pc=0x0000000003bbcdf8 method=java.util.Collections$UnmodifiableMap.entrySet()Ljava/util/Set; @ 16
Event: 14.670 Thread 0x000000001aea0800 Uncommon trap: reason=class_check action=maybe_recompile pc=0x0000000003bc0cb0 method=java.util.Collections$UnmodifiableMap$UnmodifiableEntrySet$1.<init>(Ljava/util/Collections$UnmodifiableMap$UnmodifiableEntrySet;)V @ 17
Event: 14.670 Thread 0x000000001aea0800 Uncommon trap: reason=class_check action=maybe_recompile pc=0x0000000003a0d930 method=java.util.Collections$UnmodifiableMap$UnmodifiableEntrySet$1.next()Ljava/util/Map$Entry; @ 8
Event: 14.670 Thread 0x000000001aea0800 Uncommon trap: reason=class_check action=maybe_recompile pc=0x0000000003a00000 method=java.util.Collections$UnmodifiableMap$UnmodifiableEntrySet$UnmodifiableEntry.getKey()Ljava/lang/Object; @ 4
Event: 14.670 Thread 0x000000001aea0800 Uncommon trap: reason=class_check action=maybe_recompile pc=0x0000000003a05d40 method=java.util.Collections$UnmodifiableMap$UnmodifiableEntrySet$UnmodifiableEntry.getValue()Ljava/lang/Object; @ 4
Event: 14.673 Thread 0x000000001aea0800 Uncommon trap: reason=class_check action=maybe_recompile pc=0x0000000003a0d930 method=java.util.Collections$UnmodifiableMap$UnmodifiableEntrySet$1.next()Ljava/util/Map$Entry; @ 8
Event: 14.673 Thread 0x000000001aea0800 Uncommon trap: reason=class_check action=maybe_recompile pc=0x0000000003a00000 method=java.util.Collections$UnmodifiableMap$UnmodifiableEntrySet$UnmodifiableEntry.getKey()Ljava/lang/Object; @ 4
Event: 14.673 Thread 0x000000001aea0800 Uncommon trap: reason=class_check action=maybe_recompile pc=0x0000000003a05d40 method=java.util.Collections$UnmodifiableMap$UnmodifiableEntrySet$UnmodifiableEntry.getValue()Ljava/lang/Object; @ 4
Event: 15.355 Thread 0x000000001aea0800 Uncommon trap: reason=class_check action=maybe_recompile pc=0x00000000034eab88 method=java.util.concurrent.ConcurrentHashMap.putVal(Ljava/lang/Object;Ljava/lang/Object;Z)Ljava/lang/Object; @ 192

Classes redefined (0 events):
No events

Internal exceptions (10 events):
Event: 12.947 Thread 0x000000001aea0800 Implicit null exception at 0x0000000003b9b11b to 0x0000000003b9b64d
Event: 13.053 Thread 0x000000001aea0800 Exception <a 'java/lang/ClassNotFoundException': java/lang/ObjectCustomizer> (0x00000000d8d4f730) thrown at [C:\re\workspace\8-2-build-windows-amd64-cygwin\jdk8u171\10807\hotspot\src\share\vm\classfile\systemDictionary.cpp, line 210]
Event: 13.055 Thread 0x000000001aea0800 Exception <a 'java/lang/ClassNotFoundException': org/springframework/context/annotation/ConfigurationClassPostProcessorCustomizer> (0x00000000d8d7f890) thrown at [C:\re\workspace\8-2-build-windows-amd64-cygwin\jdk8u171\10807\hotspot\src\share\vm\classfile
Event: 13.057 Thread 0x000000001aea0800 Exception <a 'java/lang/ClassNotFoundException': org/springframework/beans/factory/support/BeanDefinitionRegistryPostProcessorCustomizer> (0x00000000d8dc12c8) thrown at [C:\re\workspace\8-2-build-windows-amd64-cygwin\jdk8u171\10807\hotspot\src\share\vm\cl
Event: 13.058 Thread 0x000000001aea0800 Exception <a 'java/lang/ClassNotFoundException': org/springframework/core/PriorityOrderedCustomizer> (0x00000000d8de10f8) thrown at [C:\re\workspace\8-2-build-windows-amd64-cygwin\jdk8u171\10807\hotspot\src\share\vm\classfile\systemDictionary.cpp, line 21
Event: 13.060 Thread 0x000000001aea0800 Exception <a 'java/lang/ClassNotFoundException': org/springframework/context/ResourceLoaderAwareCustomizer> (0x00000000d8edcf40) thrown at [C:\re\workspace\8-2-build-windows-amd64-cygwin\jdk8u171\10807\hotspot\src\share\vm\classfile\systemDictionary.cpp, 
Event: 13.061 Thread 0x000000001aea0800 Exception <a 'java/lang/ClassNotFoundException': org/springframework/beans/factory/BeanClassLoaderAwareCustomizer> (0x00000000d8f03b38) thrown at [C:\re\workspace\8-2-build-windows-amd64-cygwin\jdk8u171\10807\hotspot\src\share\vm\classfile\systemDictionar
Event: 13.062 Thread 0x000000001aea0800 Exception <a 'java/lang/ClassNotFoundException': org/springframework/context/EnvironmentAwareCustomizer> (0x00000000d8f25ee8) thrown at [C:\re\workspace\8-2-build-windows-amd64-cygwin\jdk8u171\10807\hotspot\src\share\vm\classfile\systemDictionary.cpp, lin
Event: 14.378 Thread 0x000000001a8ba000 Exception <a 'java/lang/NoSuchFieldError': method resolution failed> (0x00000000dcfdbd60) thrown at [C:\re\workspace\8-2-build-windows-amd64-cygwin\jdk8u171\10807\hotspot\src\share\vm\prims\methodHandles.cpp, line 1167]
Event: 14.380 Thread 0x000000001a8ba000 Exception <a 'java/lang/NoSuchFieldError': method resolution failed> (0x00000000dcfe9420) thrown at [C:\re\workspace\8-2-build-windows-amd64-cygwin\jdk8u171\10807\hotspot\src\share\vm\prims\methodHandles.cpp, line 1167]

Events (10 events):
Event: 15.488 loading class org/springframework/web/servlet/view/ContentNegotiatingViewResolver
Event: 15.488 loading class org/springframework/web/servlet/view/ContentNegotiatingViewResolver done
Event: 15.489 loading class org/springframework/web/servlet/config/annotation/ResourceHandlerRegistration
Event: 15.489 loading class org/springframework/web/servlet/config/annotation/ResourceHandlerRegistration done
Event: 15.492 loading class org/springframework/web/context/request/RequestContextListener
Event: 15.492 loading class org/springframework/web/context/request/RequestContextListener done
Event: 15.492 loading class javax/servlet/ServletRequestListener
Event: 15.492 loading class javax/servlet/ServletRequestListener done
Event: 15.494 loading class org/springframework/web/filter/HiddenHttpMethodFilter
Event: 15.494 loading class org/springframework/web/filter/HiddenHttpMethodFilter done


Dynamic libraries:
0x00007ff60c5a0000 - 0x00007ff60c5d7000 	C:\Program Files\Java\jdk1.8.0_171\bin\javaw.exe
0x00007ffa7d7c0000 - 0x00007ffa7d9ad000 	C:\WINDOWS\SYSTEM32\ntdll.dll
0x00007ffa7c840000 - 0x00007ffa7c8f3000 	C:\WINDOWS\System32\KERNEL32.DLL
0x00007ffa7a200000 - 0x00007ffa7a493000 	C:\WINDOWS\System32\KERNELBASE.dll
0x00007ffa7ad50000 - 0x00007ffa7adf3000 	C:\WINDOWS\System32\ADVAPI32.dll
0x00007ffa7c4e0000 - 0x00007ffa7c57e000 	C:\WINDOWS\System32\msvcrt.dll
0x00007ffa7ccc0000 - 0x00007ffa7cd5e000 	C:\WINDOWS\System32\sechost.dll
0x00007ffa7c3b0000 - 0x00007ffa7c4d2000 	C:\WINDOWS\System32\RPCRT4.dll
0x00007ffa7cfe0000 - 0x00007ffa7d177000 	C:\WINDOWS\System32\USER32.dll
0x00007ffa7a7f0000 - 0x00007ffa7a810000 	C:\WINDOWS\System32\win32u.dll
0x00007ffa7ae00000 - 0x00007ffa7ae29000 	C:\WINDOWS\System32\GDI32.dll
0x00007ffa7a650000 - 0x00007ffa7a7ea000 	C:\WINDOWS\System32\gdi32full.dll
0x00007ffa7a5b0000 - 0x00007ffa7a650000 	C:\WINDOWS\System32\msvcp_win.dll
0x00007ffa79fe0000 - 0x00007ffa7a0da000 	C:\WINDOWS\System32\ucrtbase.dll
0x00007ffa6b400000 - 0x00007ffa6b679000 	C:\WINDOWS\WinSxS\amd64_microsoft.windows.common-controls_6595b64144ccf1df_6.0.17763.437_none_05b63dca071e5dd6\COMCTL32.dll
0x00007ffa7c990000 - 0x00007ffa7ccbc000 	C:\WINDOWS\System32\combase.dll
0x00007ffa7a180000 - 0x00007ffa7a1fe000 	C:\WINDOWS\System32\bcryptPrimitives.dll
0x00007ffa7c960000 - 0x00007ffa7c98e000 	C:\WINDOWS\System32\IMM32.DLL
0x000000005e790000 - 0x000000005e862000 	C:\Program Files\Java\jdk1.8.0_171\jre\bin\msvcr100.dll
0x000000005def0000 - 0x000000005e790000 	C:\Program Files\Java\jdk1.8.0_171\jre\bin\server\jvm.dll
0x00007ffa7c320000 - 0x00007ffa7c328000 	C:\WINDOWS\System32\PSAPI.DLL
0x00007ffa77460000 - 0x00007ffa77484000 	C:\WINDOWS\SYSTEM32\WINMM.dll
0x00007ffa6d270000 - 0x00007ffa6d27a000 	C:\WINDOWS\SYSTEM32\VERSION.dll
0x00007ffa68140000 - 0x00007ffa68149000 	C:\WINDOWS\SYSTEM32\WSOCK32.dll
0x00007ffa7c330000 - 0x00007ffa7c39d000 	C:\WINDOWS\System32\WS2_32.dll
0x00007ffa77430000 - 0x00007ffa7745d000 	C:\WINDOWS\SYSTEM32\winmmbase.dll
0x00007ffa7a100000 - 0x00007ffa7a14a000 	C:\WINDOWS\System32\cfgmgr32.dll
0x000000005dee0000 - 0x000000005deef000 	C:\Program Files\Java\jdk1.8.0_171\jre\bin\verify.dll
0x000000005deb0000 - 0x000000005ded9000 	C:\Program Files\Java\jdk1.8.0_171\jre\bin\java.dll
0x000000005de90000 - 0x000000005dea6000 	C:\Program Files\Java\jdk1.8.0_171\jre\bin\zip.dll
0x00007ffa7ae30000 - 0x00007ffa7c320000 	C:\WINDOWS\System32\SHELL32.dll
0x00007ffa7c730000 - 0x00007ffa7c7d8000 	C:\WINDOWS\System32\shcore.dll
0x00007ffa79890000 - 0x00007ffa79fda000 	C:\WINDOWS\System32\windows.storage.dll
0x00007ffa79840000 - 0x00007ffa79864000 	C:\WINDOWS\System32\profapi.dll
0x00007ffa797e0000 - 0x00007ffa7983d000 	C:\WINDOWS\System32\powrprof.dll
0x00007ffa7c7e0000 - 0x00007ffa7c832000 	C:\WINDOWS\System32\shlwapi.dll
0x00007ffa797c0000 - 0x00007ffa797d1000 	C:\WINDOWS\System32\kernel.appcore.dll
0x00007ffa7a0e0000 - 0x00007ffa7a0f7000 	C:\WINDOWS\System32\cryptsp.dll
0x000000005de70000 - 0x000000005de8a000 	C:\Program Files\Java\jdk1.8.0_171\jre\bin\net.dll
0x00007ffa79010000 - 0x00007ffa79077000 	C:\WINDOWS\system32\mswsock.dll
0x000000005de50000 - 0x000000005de61000 	C:\Program Files\Java\jdk1.8.0_171\jre\bin\nio.dll
0x000000005de40000 - 0x000000005de4d000 	C:\Program Files\Java\jdk1.8.0_171\jre\bin\management.dll
0x00007ffa62ee0000 - 0x00007ffa62ef6000 	C:\WINDOWS\system32\napinsp.dll
0x00007ffa62ec0000 - 0x00007ffa62eda000 	C:\WINDOWS\system32\pnrpnsp.dll
0x00007ffa78db0000 - 0x00007ffa78e76000 	C:\WINDOWS\SYSTEM32\DNSAPI.dll
0x00007ffa7abc0000 - 0x00007ffa7abc8000 	C:\WINDOWS\System32\NSI.dll
0x00007ffa78d70000 - 0x00007ffa78dad000 	C:\WINDOWS\SYSTEM32\IPHLPAPI.DLL
0x00007ffa62eb0000 - 0x00007ffa62ebe000 	C:\WINDOWS\System32\winrnr.dll
0x00007ffa75c00000 - 0x00007ffa75c1b000 	C:\WINDOWS\system32\NLAapi.dll
0x00007ffa62e90000 - 0x00007ffa62ea5000 	C:\WINDOWS\system32\wshbth.dll
0x00007ffa6d9f0000 - 0x00007ffa6d9fa000 	C:\Windows\System32\rasadhlp.dll
0x00007ffa6d700000 - 0x00007ffa6d779000 	C:\WINDOWS\System32\fwpuclnt.dll
0x00007ffa7a150000 - 0x00007ffa7a176000 	C:\WINDOWS\System32\bcrypt.dll
0x00007ffa77fc0000 - 0x00007ffa781ad000 	C:\WINDOWS\SYSTEM32\dbghelp.dll

VM Arguments:
jvm_args: -Dmaven.home=EMBEDDED -Dclassworlds.conf=C:\Users\Somru Software\eclipse-workspace\.metadata\.plugins\org.eclipse.m2e.launching\launches\m2conf4536637025336430595.tmp -Dmaven.multiModuleProjectDirectory=C:\Users\Somru Software\Documents\Springboot0.1.2 -Dfile.encoding=Cp1252 
java_command: org.codehaus.plexus.classworlds.launcher.Launcher -B spring-boot:run
java_class_path (initial): C:\Users\Somru Software\.p2\pool\plugins\org.eclipse.m2e.maven.runtime_1.8.3.20180227-2135\jars\plexus-classworlds-2.5.2.jar
Launcher Type: SUN_STANDARD

Environment Variables:
JAVA_HOME=C:\Program Files\Java\jdk1.8.0_171
PATH=C:/Program Files/Java/jre1.8.0_171/bin/server;C:/Program Files/Java/jre1.8.0_171/bin;C:/Program Files/Java/jre1.8.0_171/lib/amd64;C:\Program Files (x86)\Common Files\Oracle\Java\javapath;C:\Program Files (x86)\Intel\iCLS Client\;C:\Program Files\Intel\iCLS Client\;C:\WINDOWS\system32;C:\WINDOWS;C:\WINDOWS\System32\Wbem;C:\WINDOWS\System32\WindowsPowerShell\v1.0\;C:\Program Files (x86)\Intel\Intel(R) Management Engine Components\DAL;C:\Program Files\Intel\Intel(R) Management Engine Components\DAL;C:\Program Files (x86)\Intel\Intel(R) Management Engine Components\IPT;C:\Program Files\Intel\Intel(R) Management Engine Components\IPT;C:\Program Files\nodejs\;C:\Program Files\Java\jdk1.8.0_171\bin;C:\Program Files\Java\jre1.8.0_171\bin;C:\WINDOWS\System32\OpenSSH\;C:\Program Files\Git\cmd;C:\Users\Somru Software\AppData\Local\Microsoft\WindowsApps;C:\Users\Somru Software\AppData\Roaming\npm;C:\Program Files\Microsoft VS Code\bin;C:\Users\Somru Software\AppData\Local\GitHubDesktop\bin;C:\Users\Somru Software\AppData\Local\Microsoft\WindowsApps;C:\Users\Somru Software\AppData\Local\Programs\Microsoft VS Code\bin;C:\WINDOWS\system32;
USERNAME=Somru Software
OS=Windows_NT
PROCESSOR_IDENTIFIER=Intel64 Family 6 Model 142 Stepping 9, GenuineIntel



---------------  S Y S T E M  ---------------

OS: Windows 10.0 , 64 bit Build 17763 (10.0.17763.437)

CPU:total 4 (initial active 4) (2 cores per cpu, 2 threads per core) family 6 model 142 stepping 9, cmov, cx8, fxsr, mmx, sse, sse2, sse3, ssse3, sse4.1, sse4.2, popcnt, avx, avx2, aes, clmul, erms, 3dnowpref, lzcnt, ht, tsc, tscinvbit, bmi1, bmi2, adx

Memory: 4k page, physical 8251160k(1619868k free), swap 12707608k(3893940k free)

vm_info: Java HotSpot(TM) 64-Bit Server VM (25.171-b11) for windows-amd64 JRE (1.8.0_171-b11), built on Mar 28 2018 16:06:12 by "java_re" with MS VC++ 10.0 (VS2010)

time: Sat May 04 13:29:49 2019
elapsed time: 16 seconds (0d 0h 0m 16s)

